d:\program\project_10-25\project_10-25\debug\vc140.pdb
d:\program\project_10-25\project_10-25\debug\vc140.idb
d:\program\project_10-25\project_10-25\debug\interactive_server.obj
d:\program\project_10-25\project_10-25\debug\main.obj
d:\program\project_10-25\project_10-25\debug\modbus.obj
d:\program\project_10-25\project_10-25\debug\server.obj
d:\program\project_10-25\project_10-25\debug\modbus_master.obj
d:\program\project_10-25\debug\project_10-25.ilk
d:\program\project_10-25\debug\project_10-25.exe
d:\program\project_10-25\debug\project_10-25.pdb
d:\program\project_10-25\project_10-25\debug\project_10-25.tlog\cl.command.1.tlog
d:\program\project_10-25\project_10-25\debug\project_10-25.tlog\cl.read.1.tlog
d:\program\project_10-25\project_10-25\debug\project_10-25.tlog\cl.write.1.tlog
d:\program\project_10-25\project_10-25\debug\project_10-25.tlog\link-cvtres.read.1.tlog
d:\program\project_10-25\project_10-25\debug\project_10-25.tlog\link-cvtres.write.1.tlog
d:\program\project_10-25\project_10-25\debug\project_10-25.tlog\link-rc.read.1.tlog
d:\program\project_10-25\project_10-25\debug\project_10-25.tlog\link-rc.write.1.tlog
d:\program\project_10-25\project_10-25\debug\project_10-25.tlog\link.15500-cvtres.read.1.tlog
d:\program\project_10-25\project_10-25\debug\project_10-25.tlog\link.15500-cvtres.write.1.tlog
d:\program\project_10-25\project_10-25\debug\project_10-25.tlog\link.15500-rc.read.1.tlog
d:\program\project_10-25\project_10-25\debug\project_10-25.tlog\link.15500-rc.write.1.tlog
d:\program\project_10-25\project_10-25\debug\project_10-25.tlog\link.15500.read.1.tlog
d:\program\project_10-25\project_10-25\debug\project_10-25.tlog\link.15500.write.1.tlog
d:\program\project_10-25\project_10-25\debug\project_10-25.tlog\link.command.1.tlog
d:\program\project_10-25\project_10-25\debug\project_10-25.tlog\link.read.1.tlog
d:\program\project_10-25\project_10-25\debug\project_10-25.tlog\link.write.1.tlog
